# Logfile created on 2014-10-21 14:42:42 -0400 by logger.rb/44203
I, [2014-10-21T14:42:42.202015 #15915]  INFO -- : 0:  blankslate (2.1.2.4) from /Users/kmarsh/.rvm/gems/ruby-2.1.2@willcodeforfoo.github.io/specifications/blankslate-2.1.2.4.gemspec
I, [2014-10-21T14:42:42.202385 #15915]  INFO -- : 0:  hitimes (1.2.2) from /Users/kmarsh/.rvm/gems/ruby-2.1.2@willcodeforfoo.github.io/specifications/hitimes-1.2.2.gemspec
I, [2014-10-21T14:42:42.202631 #15915]  INFO -- : 0:  timers (4.0.1) from /Users/kmarsh/.rvm/gems/ruby-2.1.2@willcodeforfoo.github.io/specifications/timers-4.0.1.gemspec
I, [2014-10-21T14:42:42.202881 #15915]  INFO -- : 0:  celluloid (0.16.0) from /Users/kmarsh/.rvm/gems/ruby-2.1.2@willcodeforfoo.github.io/specifications/celluloid-0.16.0.gemspec
I, [2014-10-21T14:42:42.203121 #15915]  INFO -- : 0:  fast-stemmer (1.0.2) from /Users/kmarsh/.rvm/gems/ruby-2.1.2@willcodeforfoo.github.io/specifications/fast-stemmer-1.0.2.gemspec
I, [2014-10-21T14:42:42.203364 #15915]  INFO -- : 0:  classifier-reborn (2.0.1) from /Users/kmarsh/.rvm/gems/ruby-2.1.2@willcodeforfoo.github.io/specifications/classifier-reborn-2.0.1.gemspec
I, [2014-10-21T14:42:42.203596 #15915]  INFO -- : 0:  coffee-script-source (1.8.0) from /Users/kmarsh/.rvm/gems/ruby-2.1.2@willcodeforfoo.github.io/specifications/coffee-script-source-1.8.0.gemspec
I, [2014-10-21T14:42:42.203830 #15915]  INFO -- : 0:  execjs (2.2.2) from /Users/kmarsh/.rvm/gems/ruby-2.1.2@willcodeforfoo.github.io/specifications/execjs-2.2.2.gemspec
I, [2014-10-21T14:42:42.204068 #15915]  INFO -- : 0:  coffee-script (2.3.0) from /Users/kmarsh/.rvm/gems/ruby-2.1.2@willcodeforfoo.github.io/specifications/coffee-script-2.3.0.gemspec
I, [2014-10-21T14:42:42.204300 #15915]  INFO -- : 0:  colorator (0.1) from /Users/kmarsh/.rvm/gems/ruby-2.1.2@willcodeforfoo.github.io/specifications/colorator-0.1.gemspec
I, [2014-10-21T14:42:42.204530 #15915]  INFO -- : 0:  ffi (1.9.6) from /Users/kmarsh/.rvm/gems/ruby-2.1.2@willcodeforfoo.github.io/specifications/ffi-1.9.6.gemspec
I, [2014-10-21T14:42:42.204768 #15915]  INFO -- : 0:  jekyll-coffeescript (1.0.1) from /Users/kmarsh/.rvm/gems/ruby-2.1.2@willcodeforfoo.github.io/specifications/jekyll-coffeescript-1.0.1.gemspec
I, [2014-10-21T14:42:42.205000 #15915]  INFO -- : 0:  jekyll-gist (1.1.0) from /Users/kmarsh/.rvm/gems/ruby-2.1.2@willcodeforfoo.github.io/specifications/jekyll-gist-1.1.0.gemspec
I, [2014-10-21T14:42:42.205232 #15915]  INFO -- : 0:  jekyll-paginate (1.1.0) from /Users/kmarsh/.rvm/gems/ruby-2.1.2@willcodeforfoo.github.io/specifications/jekyll-paginate-1.1.0.gemspec
I, [2014-10-21T14:42:42.205494 #15915]  INFO -- : 0:  sass (3.4.6) from /Users/kmarsh/.rvm/gems/ruby-2.1.2@willcodeforfoo.github.io/specifications/sass-3.4.6.gemspec
I, [2014-10-21T14:42:42.205725 #15915]  INFO -- : 0:  jekyll-sass-converter (1.2.1) from /Users/kmarsh/.rvm/gems/ruby-2.1.2@willcodeforfoo.github.io/specifications/jekyll-sass-converter-1.2.1.gemspec
I, [2014-10-21T14:42:42.205953 #15915]  INFO -- : 0:  rb-fsevent (0.9.4) from /Users/kmarsh/.rvm/gems/ruby-2.1.2@willcodeforfoo.github.io/specifications/rb-fsevent-0.9.4.gemspec
I, [2014-10-21T14:42:42.206183 #15915]  INFO -- : 0:  rb-inotify (0.9.5) from /Users/kmarsh/.rvm/gems/ruby-2.1.2@willcodeforfoo.github.io/specifications/rb-inotify-0.9.5.gemspec
I, [2014-10-21T14:42:42.206418 #15915]  INFO -- : 0:  listen (2.7.11) from /Users/kmarsh/.rvm/gems/ruby-2.1.2@willcodeforfoo.github.io/specifications/listen-2.7.11.gemspec
I, [2014-10-21T14:42:42.206647 #15915]  INFO -- : 0:  jekyll-watch (1.1.1) from /Users/kmarsh/.rvm/gems/ruby-2.1.2@willcodeforfoo.github.io/specifications/jekyll-watch-1.1.1.gemspec
I, [2014-10-21T14:42:42.206877 #15915]  INFO -- : 0:  kramdown (1.4.2) from /Users/kmarsh/.rvm/gems/ruby-2.1.2@willcodeforfoo.github.io/specifications/kramdown-1.4.2.gemspec
I, [2014-10-21T14:42:42.207105 #15915]  INFO -- : 0:  liquid (2.6.1) from /Users/kmarsh/.rvm/gems/ruby-2.1.2@willcodeforfoo.github.io/specifications/liquid-2.6.1.gemspec
I, [2014-10-21T14:42:42.207340 #15915]  INFO -- : 0:  mercenary (0.3.4) from /Users/kmarsh/.rvm/gems/ruby-2.1.2@willcodeforfoo.github.io/specifications/mercenary-0.3.4.gemspec
I, [2014-10-21T14:42:42.207585 #15915]  INFO -- : 0:  posix-spawn (0.3.9) from /Users/kmarsh/.rvm/gems/ruby-2.1.2@willcodeforfoo.github.io/specifications/posix-spawn-0.3.9.gemspec
I, [2014-10-21T14:42:42.207817 #15915]  INFO -- : 0:  yajl-ruby (1.1.0) from /Users/kmarsh/.rvm/gems/ruby-2.1.2@willcodeforfoo.github.io/specifications/yajl-ruby-1.1.0.gemspec
I, [2014-10-21T14:42:42.208041 #15915]  INFO -- : 0:  pygments.rb (0.6.0) from /Users/kmarsh/.rvm/gems/ruby-2.1.2@willcodeforfoo.github.io/specifications/pygments.rb-0.6.0.gemspec
I, [2014-10-21T14:42:42.208278 #15915]  INFO -- : 0:  redcarpet (3.2.0) from /Users/kmarsh/.rvm/gems/ruby-2.1.2@willcodeforfoo.github.io/specifications/redcarpet-3.2.0.gemspec
I, [2014-10-21T14:42:42.208506 #15915]  INFO -- : 0:  safe_yaml (1.0.4) from /Users/kmarsh/.rvm/gems/ruby-2.1.2@willcodeforfoo.github.io/specifications/safe_yaml-1.0.4.gemspec
I, [2014-10-21T14:42:42.208734 #15915]  INFO -- : 0:  parslet (1.5.0) from /Users/kmarsh/.rvm/gems/ruby-2.1.2@willcodeforfoo.github.io/specifications/parslet-1.5.0.gemspec
I, [2014-10-21T14:42:42.208962 #15915]  INFO -- : 0:  toml (0.1.2) from /Users/kmarsh/.rvm/gems/ruby-2.1.2@willcodeforfoo.github.io/specifications/toml-0.1.2.gemspec
I, [2014-10-21T14:42:42.209407 #15915]  INFO -- : 0:  jekyll (2.4.0) from /Users/kmarsh/.rvm/gems/ruby-2.1.2@willcodeforfoo.github.io/specifications/jekyll-2.4.0.gemspec
I, [2014-10-21T14:42:43.184569 #15915]  INFO -- : 0:  jekyll-redirect-from (0.6.2) from /Users/kmarsh/.rvm/gems/ruby-2.1.2@willcodeforfoo.github.io/specifications/jekyll-redirect-from-0.6.2.gemspec
I, [2014-10-21T14:42:43.184901 #15915]  INFO -- : 0:  bundler (1.5.1) from /Users/kmarsh/.rvm/gems/ruby-2.1.2@global/specifications/bundler-1.5.1.gemspec
